[1003/165808.772:INFO:CONSOLE(123)] "Event handler of 'x-storagemutated-1' event must be added on the initial evaluation of worker script.", source: https://static.whatsapp.net/rsrc.php/v3/yy/r/ceIlwx5phAQ.js?_nc_x=Ij3Wp8lg5Kz (123)
[1003/165809.078:INFO:CONSOLE(0)] "Error with Permissions-Policy header: Feature xr-spatial-tracking's parameters are ignored.", source:  (0)
[1003/165809.093:INFO:CONSOLE(0)] "Error with Permissions-Policy header: Origin trial controlled feature not enabled: 'attribution-reporting'.", source:  (0)
[1003/165809.093:INFO:CONSOLE(0)] "Error with Permissions-Policy header: Unrecognized feature: 'compute-pressure'.", source:  (0)
[1003/165809.093:INFO:CONSOLE(0)] "Error with Permissions-Policy header: Origin trial controlled feature not enabled: 'interest-cohort'.", source:  (0)
[1003/165809.093:INFO:CONSOLE(0)] "Error with Permissions-Policy header: Unrecognized feature: 'private-state-token-issuance'.", source:  (0)
[1003/165809.093:INFO:CONSOLE(0)] "Error with Permissions-Policy header: Origin trial controlled feature not enabled: 'shared-storage'.", source:  (0)
[1003/165809.093:INFO:CONSOLE(0)] "Error with Permissions-Policy header: Unrecognized feature: 'shared-storage-select-url'.", source:  (0)
[1003/165809.093:INFO:CONSOLE(0)] "Error with Permissions-Policy header: Unrecognized feature: 'private-state-token-redemption'.", source:  (0)
[1003/165809.093:INFO:CONSOLE(0)] "Error with Permissions-Policy header: Unrecognized feature: 'unload'.", source:  (0)
[1003/165809.093:INFO:CONSOLE(0)] "Error with Permissions-Policy header: Unrecognized feature: 'window-management'.", source:  (0)
[1003/165815.256:INFO:CONSOLE(343)] "WAWebLoggerWorker initialized", source: https://static.whatsapp.net/rsrc.php/v3/yM/r/tOlRlBUsLES.js?_nc_x=Ij3Wp8lg5Kz (343)
[1003/165815.256:INFO:CONSOLE(343)] "[storage] start setSchemaVersions from fts worker interface", source: https://static.whatsapp.net/rsrc.php/v3/yM/r/tOlRlBUsLES.js?_nc_x=Ij3Wp8lg5Kz (343)
[1003/165815.256:INFO:CONSOLE(343)] "[storage] set schema versions: [model-storage,159,fts-storage,8,jobs-storage,1,lru-media-storage-idb,2,offd-storage,4,qpl-storage,0,signal-storage,6,worker-storage,1,sw,2,wawc,14,wawc_db_enc,2]. is worker? true", source: https://static.whatsapp.net/rsrc.php/v3/yM/r/tOlRlBUsLES.js?_nc_x=Ij3Wp8lg5Kz (343)
[1003/165820.465:INFO:CONSOLE(343)] "FTS:Delegate: start indexer", source: https://static.whatsapp.net/rsrc.php/v3/yM/r/tOlRlBUsLES.js?_nc_x=Ij3Wp8lg5Kz (343)
[1003/165820.465:INFO:CONSOLE(343)] "FTS:Delegate: start perform init", source: https://static.whatsapp.net/rsrc.php/v3/yM/r/tOlRlBUsLES.js?_nc_x=Ij3Wp8lg5Kz (343)
[1003/165820.465:INFO:CONSOLE(343)] "FTS:Delegate: schema versions ready", source: https://static.whatsapp.net/rsrc.php/v3/yM/r/tOlRlBUsLES.js?_nc_x=Ij3Wp8lg5Kz (343)
[1003/165820.465:INFO:CONSOLE(343)] "FTS:Delegate: before db initialization", source: https://static.whatsapp.net/rsrc.php/v3/yM/r/tOlRlBUsLES.js?_nc_x=Ij3Wp8lg5Kz (343)
[1003/165820.465:INFO:CONSOLE(343)] "[storage] applying schema versions from [0 to 8] for the database: 'fts-storage'", source: https://static.whatsapp.net/rsrc.php/v3/yM/r/tOlRlBUsLES.js?_nc_x=Ij3Wp8lg5Kz (343)
[1003/165820.481:INFO:CONSOLE(343)] "[storage] applying schema versions from [0 to 159] for the database: 'model-storage'", source: https://static.whatsapp.net/rsrc.php/v3/yM/r/tOlRlBUsLES.js?_nc_x=Ij3Wp8lg5Kz (343)
[1003/165823.622:INFO:CONSOLE(343)] "FTS:Delegate: after db initialization", source: https://static.whatsapp.net/rsrc.php/v3/yM/r/tOlRlBUsLES.js?_nc_x=Ij3Wp8lg5Kz (343)
[1003/165823.622:INFO:CONSOLE(343)] "FTS:Manifest Writer: No changes made, current:['3.1', '1'], latest:['3.1', '1']", source: https://static.whatsapp.net/rsrc.php/v3/yM/r/tOlRlBUsLES.js?_nc_x=Ij3Wp8lg5Kz (343)
[1003/165823.622:INFO:CONSOLE(343)] "FTS:Delegate: Inited", source: https://static.whatsapp.net/rsrc.php/v3/yM/r/tOlRlBUsLES.js?_nc_x=Ij3Wp8lg5Kz (343)
[1003/165823.622:INFO:CONSOLE(343)] "FTS:Delegate: Init indexing ops", source: https://static.whatsapp.net/rsrc.php/v3/yM/r/tOlRlBUsLES.js?_nc_x=Ij3Wp8lg5Kz (343)
[1003/165823.653:INFO:CONSOLE(343)] "FTS:Indexer:indexQueuedBatch: Starting new batch size : 1000", source: https://static.whatsapp.net/rsrc.php/v3/yM/r/tOlRlBUsLES.js?_nc_x=Ij3Wp8lg5Kz (343)
[1003/165823.653:INFO:CONSOLE(343)] "FTS:Indexer:indexQueuedBatch: Completed", source: https://static.whatsapp.net/rsrc.php/v3/yM/r/tOlRlBUsLES.js?_nc_x=Ij3Wp8lg5Kz (343)
[1003/165830.328:INFO:CONSOLE(343)] "FTS:Indexer:indexQueuedBatch: Starting new batch size : 1000", source: https://static.whatsapp.net/rsrc.php/v3/yM/r/tOlRlBUsLES.js?_nc_x=Ij3Wp8lg5Kz (343)
[1003/165830.424:INFO:CONSOLE(343)] "FTS:Indexer:indexQueuedBatch: Completed batch", source: https://static.whatsapp.net/rsrc.php/v3/yM/r/tOlRlBUsLES.js?_nc_x=Ij3Wp8lg5Kz (343)
[1003/165830.424:INFO:CONSOLE(343)] "FTS:Indexer:indexQueuedBatch: Completed", source: https://static.whatsapp.net/rsrc.php/v3/yM/r/tOlRlBUsLES.js?_nc_x=Ij3Wp8lg5Kz (343)
[1003/165834.847:INFO:CONSOLE(343)] "FTS:Indexer:indexQueuedBatch: Starting new batch size : 1000", source: https://static.whatsapp.net/rsrc.php/v3/yM/r/tOlRlBUsLES.js?_nc_x=Ij3Wp8lg5Kz (343)
[1003/165834.879:INFO:CONSOLE(343)] "FTS:Indexer:indexQueuedBatch: Completed batch", source: https://static.whatsapp.net/rsrc.php/v3/yM/r/tOlRlBUsLES.js?_nc_x=Ij3Wp8lg5Kz (343)
[1003/165834.911:INFO:CONSOLE(343)] "FTS:Indexer:indexQueuedBatch: Completed", source: https://static.whatsapp.net/rsrc.php/v3/yM/r/tOlRlBUsLES.js?_nc_x=Ij3Wp8lg5Kz (343)
[1003/165848.530:INFO:CONSOLE(343)] "FTS:Indexer:indexQueuedBatch: Starting new batch size : 1000", source: https://static.whatsapp.net/rsrc.php/v3/yM/r/tOlRlBUsLES.js?_nc_x=Ij3Wp8lg5Kz (343)
[1003/165848.728:INFO:CONSOLE(343)] "FTS:Indexer:indexQueuedBatch: Completed batch", source: https://static.whatsapp.net/rsrc.php/v3/yM/r/tOlRlBUsLES.js?_nc_x=Ij3Wp8lg5Kz (343)
[1003/165848.744:INFO:CONSOLE(343)] "FTS:Indexer:indexQueuedBatch: Completed batch", source: https://static.whatsapp.net/rsrc.php/v3/yM/r/tOlRlBUsLES.js?_nc_x=Ij3Wp8lg5Kz (343)
[1003/165848.760:INFO:CONSOLE(343)] "FTS:Indexer:indexQueuedBatch: Completed", source: https://static.whatsapp.net/rsrc.php/v3/yM/r/tOlRlBUsLES.js?_nc_x=Ij3Wp8lg5Kz (343)
[1003/165908.947:INFO:CONSOLE(343)] "FTS:Indexer:indexQueuedBatch: Starting new batch size : 1000", source: https://static.whatsapp.net/rsrc.php/v3/yM/r/tOlRlBUsLES.js?_nc_x=Ij3Wp8lg5Kz (343)
[1003/165908.995:INFO:CONSOLE(343)] "FTS:Indexer:indexQueuedBatch: Completed batch", source: https://static.whatsapp.net/rsrc.php/v3/yM/r/tOlRlBUsLES.js?_nc_x=Ij3Wp8lg5Kz (343)
[1003/165908.995:INFO:CONSOLE(343)] "FTS:Indexer:indexQueuedBatch: Completed", source: https://static.whatsapp.net/rsrc.php/v3/yM/r/tOlRlBUsLES.js?_nc_x=Ij3Wp8lg5Kz (343)
[1003/165913.694:INFO:CONSOLE(343)] "FTS:Indexer:indexQueuedBatch: Starting new batch size : 1000", source: https://static.whatsapp.net/rsrc.php/v3/yM/r/tOlRlBUsLES.js?_nc_x=Ij3Wp8lg5Kz (343)
[1003/165913.725:INFO:CONSOLE(343)] "FTS:Indexer:indexQueuedBatch: Completed batch", source: https://static.whatsapp.net/rsrc.php/v3/yM/r/tOlRlBUsLES.js?_nc_x=Ij3Wp8lg5Kz (343)
[1003/165913.741:INFO:CONSOLE(343)] "FTS:Indexer:indexQueuedBatch: Completed", source: https://static.whatsapp.net/rsrc.php/v3/yM/r/tOlRlBUsLES.js?_nc_x=Ij3Wp8lg5Kz (343)
[1003/165922.852:INFO:CONSOLE(343)] "FTS:Indexer:indexQueuedBatch: Starting new batch size : 1000", source: https://static.whatsapp.net/rsrc.php/v3/yM/r/tOlRlBUsLES.js?_nc_x=Ij3Wp8lg5Kz (343)
[1003/165922.998:INFO:CONSOLE(343)] "FTS:Indexer:indexQueuedBatch: Completed batch", source: https://static.whatsapp.net/rsrc.php/v3/yM/r/tOlRlBUsLES.js?_nc_x=Ij3Wp8lg5Kz (343)
[1003/165923.006:INFO:CONSOLE(343)] "FTS:Indexer:indexQueuedBatch: Completed batch", source: https://static.whatsapp.net/rsrc.php/v3/yM/r/tOlRlBUsLES.js?_nc_x=Ij3Wp8lg5Kz (343)
[1003/165923.038:INFO:CONSOLE(343)] "FTS:Indexer:indexQueuedBatch: Completed", source: https://static.whatsapp.net/rsrc.php/v3/yM/r/tOlRlBUsLES.js?_nc_x=Ij3Wp8lg5Kz (343)
[1003/165923.515:INFO:CONSOLE(123)] "Event handler of 'x-storagemutated-1' event must be added on the initial evaluation of worker script.", source: https://static.whatsapp.net/rsrc.php/v3/yy/r/ceIlwx5phAQ.js?_nc_x=Ij3Wp8lg5Kz (123)
[1003/170047.836:INFO:CONSOLE(343)] "FTS:Indexer:indexQueuedBatch: Starting new batch size : 1000", source: https://static.whatsapp.net/rsrc.php/v3/yM/r/tOlRlBUsLES.js?_nc_x=Ij3Wp8lg5Kz (343)
[1003/170047.861:INFO:CONSOLE(343)] "FTS:Indexer:indexQueuedBatch: Completed batch", source: https://static.whatsapp.net/rsrc.php/v3/yM/r/tOlRlBUsLES.js?_nc_x=Ij3Wp8lg5Kz (343)
[1003/170047.869:INFO:CONSOLE(343)] "FTS:Indexer:indexQueuedBatch: Completed", source: https://static.whatsapp.net/rsrc.php/v3/yM/r/tOlRlBUsLES.js?_nc_x=Ij3Wp8lg5Kz (343)
[1003/170110.156:INFO:CONSOLE(343)] "FTS:Indexer:indexQueuedBatch: Starting new batch size : 1000", source: https://static.whatsapp.net/rsrc.php/v3/yM/r/tOlRlBUsLES.js?_nc_x=Ij3Wp8lg5Kz (343)
[1003/170110.219:INFO:CONSOLE(343)] "FTS:Indexer:indexQueuedBatch: Completed batch", source: https://static.whatsapp.net/rsrc.php/v3/yM/r/tOlRlBUsLES.js?_nc_x=Ij3Wp8lg5Kz (343)
[1003/170110.219:INFO:CONSOLE(343)] "FTS:Indexer:indexQueuedBatch: Completed", source: https://static.whatsapp.net/rsrc.php/v3/yM/r/tOlRlBUsLES.js?_nc_x=Ij3Wp8lg5Kz (343)
[1003/170116.976:INFO:CONSOLE(343)] "FTS:Indexer:indexQueuedBatch: Starting new batch size : 1000", source: https://static.whatsapp.net/rsrc.php/v3/yM/r/tOlRlBUsLES.js?_nc_x=Ij3Wp8lg5Kz (343)
[1003/170117.073:INFO:CONSOLE(343)] "FTS:Indexer:indexQueuedBatch: Completed batch", source: https://static.whatsapp.net/rsrc.php/v3/yM/r/tOlRlBUsLES.js?_nc_x=Ij3Wp8lg5Kz (343)
[1003/170117.083:INFO:CONSOLE(343)] "FTS:Indexer:indexQueuedBatch: Completed batch", source: https://static.whatsapp.net/rsrc.php/v3/yM/r/tOlRlBUsLES.js?_nc_x=Ij3Wp8lg5Kz (343)
[1003/170117.091:INFO:CONSOLE(343)] "FTS:Indexer:indexQueuedBatch: Completed", source: https://static.whatsapp.net/rsrc.php/v3/yM/r/tOlRlBUsLES.js?_nc_x=Ij3Wp8lg5Kz (343)
